[INFO] [2018-02-06 14:40:18][org.springframework.context.support.ClassPathXmlApplicationContext]Refreshing org.springframework.context.support.ClassPathXmlApplicationContext@29ae5edf: startup date [Tue Feb 06 14:40:18 CST 2018]; root of context hierarchy
  [INFO] [2018-02-06 14:40:18][org.springframework.beans.factory.xml.XmlBeanDefinitionReader]Loading XML bean definitions from class path resource [spring-mybatis.xml]
  [INFO] [2018-02-06 14:40:19][org.springframework.beans.factory.config.PropertyPlaceholderConfigurer]Loading properties file from class path resource [jdbc.properties]
  [INFO] [2018-02-06 17:58:52][org.springframework.context.support.ClassPathXmlApplicationContext]Refreshing org.springframework.context.support.ClassPathXmlApplicationContext@7a10b9ed: startup date [Tue Feb 06 17:58:52 CST 2018]; root of context hierarchy
  [INFO] [2018-02-06 17:58:52][org.springframework.beans.factory.xml.XmlBeanDefinitionReader]Loading XML bean definitions from class path resource [spring-mybatis.xml]
  [INFO] [2018-02-06 17:58:52][org.springframework.beans.factory.config.PropertyPlaceholderConfigurer]Loading properties file from class path resource [jdbc.properties]
  [INFO] [2018-02-06 18:00:39][org.springframework.context.support.ClassPathXmlApplicationContext]Refreshing org.springframework.context.support.ClassPathXmlApplicationContext@601eb536: startup date [Tue Feb 06 18:00:39 CST 2018]; root of context hierarchy
  [INFO] [2018-02-06 18:00:39][org.springframework.beans.factory.xml.XmlBeanDefinitionReader]Loading XML bean definitions from class path resource [spring-mybatis.xml]
  [INFO] [2018-02-06 18:00:39][org.springframework.beans.factory.config.PropertyPlaceholderConfigurer]Loading properties file from class path resource [jdbc.properties]
  [INFO] [2018-02-06 18:05:14][org.springframework.context.support.ClassPathXmlApplicationContext]Refreshing org.springframework.context.support.ClassPathXmlApplicationContext@335e6463: startup date [Tue Feb 06 18:05:14 CST 2018]; root of context hierarchy
  [INFO] [2018-02-06 18:05:14][org.springframework.beans.factory.xml.XmlBeanDefinitionReader]Loading XML bean definitions from class path resource [spring-mybatis.xml]
  [INFO] [2018-02-06 18:05:14][org.springframework.beans.factory.config.PropertyPlaceholderConfigurer]Loading properties file from class path resource [jdbc.properties]
  [INFO] [2018-02-07 10:13:45][org.springframework.context.support.ClassPathXmlApplicationContext]Refreshing org.springframework.context.support.ClassPathXmlApplicationContext@b1d87: startup date [Wed Feb 07 10:13:45 CST 2018]; root of context hierarchy
  [INFO] [2018-02-07 10:13:45][org.springframework.beans.factory.xml.XmlBeanDefinitionReader]Loading XML bean definitions from class path resource [spring-mybatis.xml]
  [INFO] [2018-02-07 10:13:46][org.springframework.beans.factory.config.PropertyPlaceholderConfigurer]Loading properties file from class path resource [jdbc.properties]
  [INFO] [2018-02-07 10:14:25][org.springframework.context.support.ClassPathXmlApplicationContext]Refreshing org.springframework.context.support.ClassPathXmlApplicationContext@601eb536: startup date [Wed Feb 07 10:14:25 CST 2018]; root of context hierarchy
  [INFO] [2018-02-07 10:14:25][org.springframework.beans.factory.xml.XmlBeanDefinitionReader]Loading XML bean definitions from class path resource [spring-mybatis.xml]
  [INFO] [2018-02-07 10:14:26][org.springframework.beans.factory.config.PropertyPlaceholderConfigurer]Loading properties file from class path resource [jdbc.properties]
  [INFO] [2018-02-07 16:42:42][org.springframework.context.support.ClassPathXmlApplicationContext]Refreshing org.springframework.context.support.ClassPathXmlApplicationContext@47387c07: startup date [Wed Feb 07 16:42:42 CST 2018]; root of context hierarchy
  [INFO] [2018-02-07 16:42:42][org.springframework.beans.factory.xml.XmlBeanDefinitionReader]Loading XML bean definitions from class path resource [spring-mybatis.xml]
  [INFO] [2018-02-07 16:42:44][org.springframework.beans.factory.config.PropertyPlaceholderConfigurer]Loading properties file from class path resource [jdbc.properties]
  [INFO] [2018-02-07 16:42:45][org.springframework.context.support.ClassPathXmlApplicationContext]Refreshing org.springframework.context.support.ClassPathXmlApplicationContext@6a9c1826: startup date [Wed Feb 07 16:42:45 CST 2018]; root of context hierarchy
  [INFO] [2018-02-07 16:42:45][org.springframework.beans.factory.xml.XmlBeanDefinitionReader]Loading XML bean definitions from class path resource [spring-mybatis.xml]
  [INFO] [2018-02-07 16:42:45][org.springframework.beans.factory.config.PropertyPlaceholderConfigurer]Loading properties file from class path resource [jdbc.properties]
  [INFO] [2018-02-07 16:43:39][org.springframework.context.support.ClassPathXmlApplicationContext]Refreshing org.springframework.context.support.ClassPathXmlApplicationContext@d1e67eb: startup date [Wed Feb 07 16:43:39 CST 2018]; root of context hierarchy
  [INFO] [2018-02-07 16:43:39][org.springframework.beans.factory.xml.XmlBeanDefinitionReader]Loading XML bean definitions from class path resource [spring-mybatis.xml]
  [INFO] [2018-02-07 16:43:39][org.springframework.beans.factory.config.PropertyPlaceholderConfigurer]Loading properties file from class path resource [jdbc.properties]
  [INFO] [2018-02-07 16:43:40][org.springframework.context.support.ClassPathXmlApplicationContext]Refreshing org.springframework.context.support.ClassPathXmlApplicationContext@5cf75b53: startup date [Wed Feb 07 16:43:40 CST 2018]; root of context hierarchy
  [INFO] [2018-02-07 16:43:40][org.springframework.beans.factory.xml.XmlBeanDefinitionReader]Loading XML bean definitions from class path resource [spring-mybatis.xml]
  [INFO] [2018-02-07 16:43:40][org.springframework.beans.factory.config.PropertyPlaceholderConfigurer]Loading properties file from class path resource [jdbc.properties]
  [INFO] [2018-02-07 16:44:52][org.springframework.context.support.ClassPathXmlApplicationContext]Refreshing org.springframework.context.support.ClassPathXmlApplicationContext@2124532: startup date [Wed Feb 07 16:44:52 CST 2018]; root of context hierarchy
  [INFO] [2018-02-07 16:44:52][org.springframework.beans.factory.xml.XmlBeanDefinitionReader]Loading XML bean definitions from class path resource [spring-mybatis.xml]
  [INFO] [2018-02-07 16:44:52][org.springframework.beans.factory.config.PropertyPlaceholderConfigurer]Loading properties file from class path resource [jdbc.properties]
  [INFO] [2018-02-07 16:48:16][org.springframework.context.support.ClassPathXmlApplicationContext]Refreshing org.springframework.context.support.ClassPathXmlApplicationContext@59bf8a16: startup date [Wed Feb 07 16:48:16 CST 2018]; root of context hierarchy
  [INFO] [2018-02-07 16:48:16][org.springframework.beans.factory.xml.XmlBeanDefinitionReader]Loading XML bean definitions from class path resource [spring-mybatis.xml]
  [INFO] [2018-02-07 16:48:17][org.springframework.beans.factory.config.PropertyPlaceholderConfigurer]Loading properties file from class path resource [jdbc.properties]
  [INFO] [2018-02-07 16:48:17][org.springframework.context.support.ClassPathXmlApplicationContext]Refreshing org.springframework.context.support.ClassPathXmlApplicationContext@4624d4d1: startup date [Wed Feb 07 16:48:17 CST 2018]; root of context hierarchy
  [INFO] [2018-02-07 16:48:17][org.springframework.beans.factory.xml.XmlBeanDefinitionReader]Loading XML bean definitions from class path resource [spring-mybatis.xml]
  [INFO] [2018-02-07 16:48:17][org.springframework.beans.factory.config.PropertyPlaceholderConfigurer]Loading properties file from class path resource [jdbc.properties]
  [INFO] [2018-02-07 16:48:40][org.springframework.context.support.ClassPathXmlApplicationContext]Refreshing org.springframework.context.support.ClassPathXmlApplicationContext@59bf8a16: startup date [Wed Feb 07 16:48:40 CST 2018]; root of context hierarchy
  [INFO] [2018-02-07 16:48:40][org.springframework.beans.factory.xml.XmlBeanDefinitionReader]Loading XML bean definitions from class path resource [spring-mybatis.xml]
  [INFO] [2018-02-07 16:48:40][org.springframework.beans.factory.config.PropertyPlaceholderConfigurer]Loading properties file from class path resource [jdbc.properties]
  [INFO] [2018-02-07 16:48:41][org.springframework.context.support.ClassPathXmlApplicationContext]Refreshing org.springframework.context.support.ClassPathXmlApplicationContext@6b3c7e04: startup date [Wed Feb 07 16:48:41 CST 2018]; root of context hierarchy
  [INFO] [2018-02-07 16:48:41][org.springframework.beans.factory.xml.XmlBeanDefinitionReader]Loading XML bean definitions from class path resource [spring-mybatis.xml]
  [INFO] [2018-02-07 16:48:41][org.springframework.beans.factory.config.PropertyPlaceholderConfigurer]Loading properties file from class path resource [jdbc.properties]
  [INFO] [2018-02-07 16:49:38][org.springframework.context.support.ClassPathXmlApplicationContext]Refreshing org.springframework.context.support.ClassPathXmlApplicationContext@59bf8a16: startup date [Wed Feb 07 16:49:38 CST 2018]; root of context hierarchy
  [INFO] [2018-02-07 16:49:38][org.springframework.beans.factory.xml.XmlBeanDefinitionReader]Loading XML bean definitions from class path resource [spring-mybatis.xml]
  [INFO] [2018-02-07 16:49:38][org.springframework.beans.factory.config.PropertyPlaceholderConfigurer]Loading properties file from class path resource [jdbc.properties]
  [INFO] [2018-02-07 16:49:39][org.springframework.context.support.ClassPathXmlApplicationContext]Refreshing org.springframework.context.support.ClassPathXmlApplicationContext@70d4c132: startup date [Wed Feb 07 16:49:39 CST 2018]; root of context hierarchy
  [INFO] [2018-02-07 16:49:39][org.springframework.beans.factory.xml.XmlBeanDefinitionReader]Loading XML bean definitions from class path resource [spring-mybatis.xml]
  [INFO] [2018-02-07 16:49:39][org.springframework.beans.factory.config.PropertyPlaceholderConfigurer]Loading properties file from class path resource [jdbc.properties]
  [INFO] [2018-02-07 16:50:14][org.springframework.context.support.ClassPathXmlApplicationContext]Refreshing org.springframework.context.support.ClassPathXmlApplicationContext@b1d87: startup date [Wed Feb 07 16:50:14 CST 2018]; root of context hierarchy
  [INFO] [2018-02-07 16:50:14][org.springframework.beans.factory.xml.XmlBeanDefinitionReader]Loading XML bean definitions from class path resource [spring-mybatis.xml]
  [INFO] [2018-02-07 16:50:14][org.springframework.beans.factory.config.PropertyPlaceholderConfigurer]Loading properties file from class path resource [jdbc.properties]
  [INFO] [2018-02-07 16:50:15][org.springframework.context.support.ClassPathXmlApplicationContext]Refreshing org.springframework.context.support.ClassPathXmlApplicationContext@70d4c132: startup date [Wed Feb 07 16:50:15 CST 2018]; root of context hierarchy
  [INFO] [2018-02-07 16:50:15][org.springframework.beans.factory.xml.XmlBeanDefinitionReader]Loading XML bean definitions from class path resource [spring-mybatis.xml]
  [INFO] [2018-02-07 16:50:15][org.springframework.beans.factory.config.PropertyPlaceholderConfigurer]Loading properties file from class path resource [jdbc.properties]
  [INFO] [2018-02-07 16:50:58][org.springframework.context.support.ClassPathXmlApplicationContext]Refreshing org.springframework.context.support.ClassPathXmlApplicationContext@1d6f6a81: startup date [Wed Feb 07 16:50:58 CST 2018]; root of context hierarchy
  [INFO] [2018-02-07 16:50:58][org.springframework.beans.factory.xml.XmlBeanDefinitionReader]Loading XML bean definitions from class path resource [spring-mybatis.xml]
  [INFO] [2018-02-07 16:50:58][org.springframework.beans.factory.config.PropertyPlaceholderConfigurer]Loading properties file from class path resource [jdbc.properties]
  [INFO] [2018-02-07 16:51:49][org.springframework.context.support.ClassPathXmlApplicationContext]Refreshing org.springframework.context.support.ClassPathXmlApplicationContext@59bf8a16: startup date [Wed Feb 07 16:51:49 CST 2018]; root of context hierarchy
  [INFO] [2018-02-07 16:51:49][org.springframework.beans.factory.xml.XmlBeanDefinitionReader]Loading XML bean definitions from class path resource [spring-mybatis.xml]
  [INFO] [2018-02-07 16:51:49][org.springframework.beans.factory.config.PropertyPlaceholderConfigurer]Loading properties file from class path resource [jdbc.properties]
  [WARN] [2018-02-07 16:51:49][org.springframework.beans.factory.annotation.AutowiredAnnotationBeanPostProcessor]Autowired annotation should be used on methods with actual parameters: public void com.gnt.service.UserServiceImpl.setBaseMapper()
  [INFO] [2018-02-07 16:51:50][org.springframework.context.support.ClassPathXmlApplicationContext]Refreshing org.springframework.context.support.ClassPathXmlApplicationContext@19391a01: startup date [Wed Feb 07 16:51:50 CST 2018]; root of context hierarchy
  [INFO] [2018-02-07 16:51:50][org.springframework.beans.factory.xml.XmlBeanDefinitionReader]Loading XML bean definitions from class path resource [spring-mybatis.xml]
  [INFO] [2018-02-07 16:51:50][org.springframework.beans.factory.config.PropertyPlaceholderConfigurer]Loading properties file from class path resource [jdbc.properties]
  [WARN] [2018-02-07 16:51:50][org.springframework.beans.factory.annotation.AutowiredAnnotationBeanPostProcessor]Autowired annotation should be used on methods with actual parameters: public void com.gnt.service.UserServiceImpl.setBaseMapper()
  [INFO] [2018-02-07 17:43:53][org.springframework.context.support.ClassPathXmlApplicationContext]Refreshing org.springframework.context.support.ClassPathXmlApplicationContext@59bf8a16: startup date [Wed Feb 07 17:43:53 CST 2018]; root of context hierarchy
  [INFO] [2018-02-07 17:43:53][org.springframework.beans.factory.xml.XmlBeanDefinitionReader]Loading XML bean definitions from class path resource [spring-mybatis.xml]
  [INFO] [2018-02-07 17:43:53][org.springframework.beans.factory.config.PropertyPlaceholderConfigurer]Loading properties file from class path resource [jdbc.properties]
  [WARN] [2018-02-07 17:43:53][org.springframework.beans.factory.annotation.AutowiredAnnotationBeanPostProcessor]Autowired annotation should be used on methods with actual parameters: public void com.gnt.service.UserServiceImpl.setBaseMapper()
  [INFO] [2018-02-07 17:43:54][org.springframework.context.support.ClassPathXmlApplicationContext]Refreshing org.springframework.context.support.ClassPathXmlApplicationContext@52ee41b: startup date [Wed Feb 07 17:43:54 CST 2018]; root of context hierarchy
  [INFO] [2018-02-07 17:43:54][org.springframework.beans.factory.xml.XmlBeanDefinitionReader]Loading XML bean definitions from class path resource [spring-mybatis.xml]
  [INFO] [2018-02-07 17:43:54][org.springframework.beans.factory.config.PropertyPlaceholderConfigurer]Loading properties file from class path resource [jdbc.properties]
  [WARN] [2018-02-07 17:43:54][org.springframework.beans.factory.annotation.AutowiredAnnotationBeanPostProcessor]Autowired annotation should be used on methods with actual parameters: public void com.gnt.service.UserServiceImpl.setBaseMapper()
  [INFO] [2018-02-07 18:13:11][org.springframework.context.support.ClassPathXmlApplicationContext]Refreshing org.springframework.context.support.ClassPathXmlApplicationContext@59bf8a16: startup date [Wed Feb 07 18:13:11 CST 2018]; root of context hierarchy
  [INFO] [2018-02-07 18:13:11][org.springframework.beans.factory.xml.XmlBeanDefinitionReader]Loading XML bean definitions from class path resource [spring-mybatis.xml]
  [INFO] [2018-02-07 18:13:12][org.springframework.beans.factory.config.PropertyPlaceholderConfigurer]Loading properties file from class path resource [jdbc.properties]
  [WARN] [2018-02-07 18:13:12][org.springframework.beans.factory.annotation.AutowiredAnnotationBeanPostProcessor]Autowired annotation should be used on methods with actual parameters: public void com.gnt.service.UserServiceImpl.setBaseMapper()
  [INFO] [2018-02-07 18:13:12][org.springframework.context.support.ClassPathXmlApplicationContext]Refreshing org.springframework.context.support.ClassPathXmlApplicationContext@52ee41b: startup date [Wed Feb 07 18:13:12 CST 2018]; root of context hierarchy
  [INFO] [2018-02-07 18:13:12][org.springframework.beans.factory.xml.XmlBeanDefinitionReader]Loading XML bean definitions from class path resource [spring-mybatis.xml]
  [INFO] [2018-02-07 18:13:12][org.springframework.beans.factory.config.PropertyPlaceholderConfigurer]Loading properties file from class path resource [jdbc.properties]
  [WARN] [2018-02-07 18:13:12][org.springframework.beans.factory.annotation.AutowiredAnnotationBeanPostProcessor]Autowired annotation should be used on methods with actual parameters: public void com.gnt.service.UserServiceImpl.setBaseMapper()
  [INFO] [2018-02-07 18:14:40][org.springframework.context.support.ClassPathXmlApplicationContext]Refreshing org.springframework.context.support.ClassPathXmlApplicationContext@615a8006: startup date [Wed Feb 07 18:14:40 CST 2018]; root of context hierarchy
  [INFO] [2018-02-07 18:14:40][org.springframework.beans.factory.xml.XmlBeanDefinitionReader]Loading XML bean definitions from class path resource [spring-mybatis.xml]
  [INFO] [2018-02-07 18:14:41][org.springframework.beans.factory.config.PropertyPlaceholderConfigurer]Loading properties file from class path resource [jdbc.properties]
  [WARN] [2018-02-07 18:14:41][org.springframework.beans.factory.annotation.AutowiredAnnotationBeanPostProcessor]Autowired annotation should be used on methods with actual parameters: public void com.gnt.service.UserServiceImpl.setBaseMapper()
  [INFO] [2018-02-07 18:28:35][org.springframework.context.support.ClassPathXmlApplicationContext]Refreshing org.springframework.context.support.ClassPathXmlApplicationContext@2e02d862: startup date [Wed Feb 07 18:28:35 CST 2018]; root of context hierarchy
  [INFO] [2018-02-07 18:28:35][org.springframework.beans.factory.xml.XmlBeanDefinitionReader]Loading XML bean definitions from class path resource [spring-mybatis.xml]
  [INFO] [2018-02-07 18:28:35][org.springframework.beans.factory.config.PropertyPlaceholderConfigurer]Loading properties file from class path resource [jdbc.properties]
  [WARN] [2018-02-07 18:28:35][org.springframework.beans.factory.annotation.AutowiredAnnotationBeanPostProcessor]Autowired annotation should be used on methods with actual parameters: public void com.gnt.service.UserServiceImpl.setBaseMapper()
  [INFO] [2018-02-07 18:28:36][org.springframework.context.support.ClassPathXmlApplicationContext]Refreshing org.springframework.context.support.ClassPathXmlApplicationContext@6c370d57: startup date [Wed Feb 07 18:28:36 CST 2018]; root of context hierarchy
  [INFO] [2018-02-07 18:28:36][org.springframework.beans.factory.xml.XmlBeanDefinitionReader]Loading XML bean definitions from class path resource [spring-mybatis.xml]
  [INFO] [2018-02-07 18:28:36][org.springframework.beans.factory.config.PropertyPlaceholderConfigurer]Loading properties file from class path resource [jdbc.properties]
  [WARN] [2018-02-07 18:28:36][org.springframework.beans.factory.annotation.AutowiredAnnotationBeanPostProcessor]Autowired annotation should be used on methods with actual parameters: public void com.gnt.service.UserServiceImpl.setBaseMapper()
  [INFO] [2018-02-07 18:28:55][org.springframework.context.support.ClassPathXmlApplicationContext]Refreshing org.springframework.context.support.ClassPathXmlApplicationContext@615a8006: startup date [Wed Feb 07 18:28:55 CST 2018]; root of context hierarchy
  [INFO] [2018-02-07 18:28:55][org.springframework.beans.factory.xml.XmlBeanDefinitionReader]Loading XML bean definitions from class path resource [spring-mybatis.xml]
  [INFO] [2018-02-07 18:28:56][org.springframework.beans.factory.config.PropertyPlaceholderConfigurer]Loading properties file from class path resource [jdbc.properties]
  [WARN] [2018-02-07 18:28:56][org.springframework.beans.factory.annotation.AutowiredAnnotationBeanPostProcessor]Autowired annotation should be used on methods with actual parameters: public void com.gnt.service.UserServiceImpl.setBaseMapper()
  [INFO] [2018-02-07 18:29:26][org.springframework.context.support.ClassPathXmlApplicationContext]Refreshing org.springframework.context.support.ClassPathXmlApplicationContext@2b066718: startup date [Wed Feb 07 18:29:26 CST 2018]; root of context hierarchy
  [INFO] [2018-02-07 18:29:26][org.springframework.beans.factory.xml.XmlBeanDefinitionReader]Loading XML bean definitions from class path resource [spring-mybatis.xml]
  [INFO] [2018-02-07 18:29:27][org.springframework.beans.factory.config.PropertyPlaceholderConfigurer]Loading properties file from class path resource [jdbc.properties]
  [WARN] [2018-02-07 18:29:27][org.springframework.beans.factory.annotation.AutowiredAnnotationBeanPostProcessor]Autowired annotation should be used on methods with actual parameters: public void com.gnt.service.UserServiceImpl.setBaseMapper()
  [INFO] [2018-02-07 18:31:00][org.springframework.context.support.ClassPathXmlApplicationContext]Refreshing org.springframework.context.support.ClassPathXmlApplicationContext@2e02d862: startup date [Wed Feb 07 18:31:00 CST 2018]; root of context hierarchy
  [INFO] [2018-02-07 18:31:00][org.springframework.beans.factory.xml.XmlBeanDefinitionReader]Loading XML bean definitions from class path resource [spring-mybatis.xml]
  [INFO] [2018-02-07 18:31:01][org.springframework.beans.factory.config.PropertyPlaceholderConfigurer]Loading properties file from class path resource [jdbc.properties]
  [WARN] [2018-02-07 18:31:01][org.springframework.beans.factory.annotation.AutowiredAnnotationBeanPostProcessor]Autowired annotation should be used on methods with actual parameters: public void com.gnt.service.UserServiceImpl.setBaseMapper()
  [INFO] [2018-02-07 18:31:01][org.springframework.context.support.ClassPathXmlApplicationContext]Refreshing org.springframework.context.support.ClassPathXmlApplicationContext@2bcd4673: startup date [Wed Feb 07 18:31:01 CST 2018]; root of context hierarchy
  [INFO] [2018-02-07 18:31:01][org.springframework.beans.factory.xml.XmlBeanDefinitionReader]Loading XML bean definitions from class path resource [spring-mybatis.xml]
  [INFO] [2018-02-07 18:31:01][org.springframework.beans.factory.config.PropertyPlaceholderConfigurer]Loading properties file from class path resource [jdbc.properties]
  [WARN] [2018-02-07 18:31:01][org.springframework.beans.factory.annotation.AutowiredAnnotationBeanPostProcessor]Autowired annotation should be used on methods with actual parameters: public void com.gnt.service.UserServiceImpl.setBaseMapper()
  [INFO] [2018-02-07 18:31:27][org.springframework.context.support.ClassPathXmlApplicationContext]Refreshing org.springframework.context.support.ClassPathXmlApplicationContext@2e02d862: startup date [Wed Feb 07 18:31:27 CST 2018]; root of context hierarchy
  [INFO] [2018-02-07 18:31:27][org.springframework.beans.factory.xml.XmlBeanDefinitionReader]Loading XML bean definitions from class path resource [spring-mybatis.xml]
  [INFO] [2018-02-07 18:31:27][org.springframework.beans.factory.config.PropertyPlaceholderConfigurer]Loading properties file from class path resource [jdbc.properties]
  [WARN] [2018-02-07 18:31:27][org.springframework.beans.factory.annotation.AutowiredAnnotationBeanPostProcessor]Autowired annotation should be used on methods with actual parameters: public void com.gnt.service.UserServiceImpl.setBaseMapper()
  [INFO] [2018-02-07 18:31:27][org.springframework.context.support.ClassPathXmlApplicationContext]Refreshing org.springframework.context.support.ClassPathXmlApplicationContext@32965597: startup date [Wed Feb 07 18:31:27 CST 2018]; root of context hierarchy
  [INFO] [2018-02-07 18:31:27][org.springframework.beans.factory.xml.XmlBeanDefinitionReader]Loading XML bean definitions from class path resource [spring-mybatis.xml]
  [INFO] [2018-02-07 18:31:28][org.springframework.beans.factory.config.PropertyPlaceholderConfigurer]Loading properties file from class path resource [jdbc.properties]
  [WARN] [2018-02-07 18:31:28][org.springframework.beans.factory.annotation.AutowiredAnnotationBeanPostProcessor]Autowired annotation should be used on methods with actual parameters: public void com.gnt.service.UserServiceImpl.setBaseMapper()
  [INFO] [2018-02-07 18:32:41][org.springframework.context.support.ClassPathXmlApplicationContext]Refreshing org.springframework.context.support.ClassPathXmlApplicationContext@59bf8a16: startup date [Wed Feb 07 18:32:41 CST 2018]; root of context hierarchy
  [INFO] [2018-02-07 18:32:41][org.springframework.beans.factory.xml.XmlBeanDefinitionReader]Loading XML bean definitions from class path resource [spring-mybatis.xml]
  [INFO] [2018-02-07 18:32:41][org.springframework.beans.factory.config.PropertyPlaceholderConfigurer]Loading properties file from class path resource [jdbc.properties]
  [INFO] [2018-02-07 18:32:42][org.springframework.context.support.ClassPathXmlApplicationContext]Refreshing org.springframework.context.support.ClassPathXmlApplicationContext@2a92d059: startup date [Wed Feb 07 18:32:42 CST 2018]; root of context hierarchy
  [INFO] [2018-02-07 18:32:42][org.springframework.beans.factory.xml.XmlBeanDefinitionReader]Loading XML bean definitions from class path resource [spring-mybatis.xml]
  [INFO] [2018-02-07 18:32:42][org.springframework.beans.factory.config.PropertyPlaceholderConfigurer]Loading properties file from class path resource [jdbc.properties]
  [INFO] [2018-02-08 10:11:05][org.springframework.context.support.ClassPathXmlApplicationContext]Refreshing org.springframework.context.support.ClassPathXmlApplicationContext@738ae796: startup date [Thu Feb 08 10:11:05 CST 2018]; root of context hierarchy
  [INFO] [2018-02-08 10:11:05][org.springframework.beans.factory.xml.XmlBeanDefinitionReader]Loading XML bean definitions from class path resource [spring-mybatis.xml]
  [INFO] [2018-02-08 10:11:06][org.springframework.beans.factory.config.PropertyPlaceholderConfigurer]Loading properties file from class path resource [jdbc.properties]
  [WARN] [2018-02-08 10:11:06][org.springframework.beans.factory.annotation.AutowiredAnnotationBeanPostProcessor]Autowired annotation should be used on methods with actual parameters: public void com.gnt.service.UserServiceImpl.setBaseMapper()
  [INFO] [2018-02-08 10:11:45][org.springframework.context.support.ClassPathXmlApplicationContext]Refreshing org.springframework.context.support.ClassPathXmlApplicationContext@ef23838: startup date [Thu Feb 08 10:11:45 CST 2018]; root of context hierarchy
  [INFO] [2018-02-08 10:11:45][org.springframework.beans.factory.xml.XmlBeanDefinitionReader]Loading XML bean definitions from class path resource [spring-mybatis.xml]
  [INFO] [2018-02-08 10:11:45][org.springframework.beans.factory.config.PropertyPlaceholderConfigurer]Loading properties file from class path resource [jdbc.properties]
  [INFO] [2018-02-08 10:30:22][org.springframework.context.support.ClassPathXmlApplicationContext]Refreshing org.springframework.context.support.ClassPathXmlApplicationContext@4048ec32: startup date [Thu Feb 08 10:30:22 CST 2018]; root of context hierarchy
  [INFO] [2018-02-08 10:30:22][org.springframework.beans.factory.xml.XmlBeanDefinitionReader]Loading XML bean definitions from class path resource [spring-mybatis.xml]
  [INFO] [2018-02-08 10:30:23][org.springframework.beans.factory.config.PropertyPlaceholderConfigurer]Loading properties file from class path resource [jdbc.properties]
  [INFO] [2018-02-08 10:32:54][org.springframework.context.support.ClassPathXmlApplicationContext]Refreshing org.springframework.context.support.ClassPathXmlApplicationContext@4048ec32: startup date [Thu Feb 08 10:32:54 CST 2018]; root of context hierarchy
  [INFO] [2018-02-08 10:32:55][org.springframework.beans.factory.xml.XmlBeanDefinitionReader]Loading XML bean definitions from class path resource [spring-mybatis.xml]
  [INFO] [2018-02-08 10:32:55][org.springframework.beans.factory.config.PropertyPlaceholderConfigurer]Loading properties file from class path resource [jdbc.properties]
  [INFO] [2018-02-08 10:41:31][org.springframework.context.support.ClassPathXmlApplicationContext]Refreshing org.springframework.context.support.ClassPathXmlApplicationContext@6e3be05c: startup date [Thu Feb 08 10:41:31 CST 2018]; root of context hierarchy
  [INFO] [2018-02-08 10:41:31][org.springframework.beans.factory.xml.XmlBeanDefinitionReader]Loading XML bean definitions from class path resource [spring-mybatis.xml]
  [WARN] [2018-02-08 10:41:32][org.mybatis.spring.mapper.ClassPathMapperScanner]No MyBatis mapper was found in '[com.test.dao]' package. Please check your configuration.
  [INFO] [2018-02-08 10:41:32][org.springframework.beans.factory.config.PropertyPlaceholderConfigurer]Loading properties file from class path resource [jdbc.properties]
  [INFO] [2018-02-08 10:45:02][org.springframework.context.support.ClassPathXmlApplicationContext]Refreshing org.springframework.context.support.ClassPathXmlApplicationContext@3a0637d6: startup date [Thu Feb 08 10:45:02 CST 2018]; root of context hierarchy
  [INFO] [2018-02-08 10:45:02][org.springframework.beans.factory.xml.XmlBeanDefinitionReader]Loading XML bean definitions from class path resource [spring-mybatis.xml]
  [INFO] [2018-02-08 10:45:03][org.springframework.beans.factory.config.PropertyPlaceholderConfigurer]Loading properties file from class path resource [jdbc.properties]
  [INFO] [2018-02-08 15:21:44][org.springframework.context.support.ClassPathXmlApplicationContext]Refreshing org.springframework.context.support.ClassPathXmlApplicationContext@3a0637d6: startup date [Thu Feb 08 15:21:44 CST 2018]; root of context hierarchy
  [INFO] [2018-02-08 15:21:44][org.springframework.beans.factory.xml.XmlBeanDefinitionReader]Loading XML bean definitions from class path resource [spring-mybatis.xml]
  [INFO] [2018-02-08 15:21:45][org.springframework.beans.factory.config.PropertyPlaceholderConfigurer]Loading properties file from class path resource [jdbc.properties]
  [INFO] [2018-02-08 15:22:56][org.springframework.context.support.ClassPathXmlApplicationContext]Refreshing org.springframework.context.support.ClassPathXmlApplicationContext@3a0637d6: startup date [Thu Feb 08 15:22:56 CST 2018]; root of context hierarchy
  [INFO] [2018-02-08 15:22:56][org.springframework.beans.factory.xml.XmlBeanDefinitionReader]Loading XML bean definitions from class path resource [spring-mybatis.xml]
  [INFO] [2018-02-08 15:22:57][org.springframework.beans.factory.config.PropertyPlaceholderConfigurer]Loading properties file from class path resource [jdbc.properties]
  [INFO] [2018-02-08 17:25:22][org.springframework.context.support.ClassPathXmlApplicationContext]Refreshing org.springframework.context.support.ClassPathXmlApplicationContext@3a0637d6: startup date [Thu Feb 08 17:25:22 CST 2018]; root of context hierarchy
  [INFO] [2018-02-08 17:25:22][org.springframework.beans.factory.xml.XmlBeanDefinitionReader]Loading XML bean definitions from class path resource [spring-mybatis.xml]
  [INFO] [2018-02-08 17:25:23][org.springframework.beans.factory.config.PropertyPlaceholderConfigurer]Loading properties file from class path resource [jdbc.properties]
  [INFO] [2018-02-08 17:26:54][org.springframework.context.support.ClassPathXmlApplicationContext]Refreshing org.springframework.context.support.ClassPathXmlApplicationContext@6f9a534a: startup date [Thu Feb 08 17:26:54 CST 2018]; root of context hierarchy
  [INFO] [2018-02-08 17:26:54][org.springframework.beans.factory.xml.XmlBeanDefinitionReader]Loading XML bean definitions from class path resource [spring-mybatis.xml]
  [INFO] [2018-02-08 17:26:55][org.springframework.beans.factory.config.PropertyPlaceholderConfigurer]Loading properties file from class path resource [jdbc.properties]
  [INFO] [2018-02-08 17:26:55][org.springframework.context.support.ClassPathXmlApplicationContext]Refreshing org.springframework.context.support.ClassPathXmlApplicationContext@260db2a1: startup date [Thu Feb 08 17:26:55 CST 2018]; root of context hierarchy
  [INFO] [2018-02-08 17:26:55][org.springframework.beans.factory.xml.XmlBeanDefinitionReader]Loading XML bean definitions from class path resource [spring-mybatis.xml]
  [INFO] [2018-02-08 17:26:55][org.springframework.beans.factory.config.PropertyPlaceholderConfigurer]Loading properties file from class path resource [jdbc.properties]
  [INFO] [2018-02-08 17:37:04][org.springframework.context.support.ClassPathXmlApplicationContext]Refreshing org.springframework.context.support.ClassPathXmlApplicationContext@73ceaf4c: startup date [Thu Feb 08 17:37:04 CST 2018]; root of context hierarchy
  [INFO] [2018-02-08 17:37:04][org.springframework.beans.factory.xml.XmlBeanDefinitionReader]Loading XML bean definitions from class path resource [spring-mybatis.xml]
  [INFO] [2018-02-08 17:37:05][org.springframework.beans.factory.config.PropertyPlaceholderConfigurer]Loading properties file from class path resource [jdbc.properties]
  [INFO] [2018-02-08 17:42:37][org.springframework.context.support.ClassPathXmlApplicationContext]Refreshing org.springframework.context.support.ClassPathXmlApplicationContext@656e1fa: startup date [Thu Feb 08 17:42:37 CST 2018]; root of context hierarchy
  [INFO] [2018-02-08 17:42:37][org.springframework.beans.factory.xml.XmlBeanDefinitionReader]Loading XML bean definitions from class path resource [spring-mybatis.xml]
  [INFO] [2018-02-08 17:42:38][org.springframework.beans.factory.config.PropertyPlaceholderConfigurer]Loading properties file from class path resource [jdbc.properties]
  [INFO] [2018-02-08 17:45:20][org.springframework.context.support.ClassPathXmlApplicationContext]Refreshing org.springframework.context.support.ClassPathXmlApplicationContext@73ceaf4c: startup date [Thu Feb 08 17:45:20 CST 2018]; root of context hierarchy
  [INFO] [2018-02-08 17:45:21][org.springframework.beans.factory.xml.XmlBeanDefinitionReader]Loading XML bean definitions from class path resource [spring-mybatis.xml]
  [INFO] [2018-02-08 17:45:21][org.springframework.beans.factory.config.PropertyPlaceholderConfigurer]Loading properties file from class path resource [jdbc.properties]
  [INFO] [2018-02-08 17:46:59][org.springframework.context.support.ClassPathXmlApplicationContext]Refreshing org.springframework.context.support.ClassPathXmlApplicationContext@55b1407a: startup date [Thu Feb 08 17:46:59 CST 2018]; root of context hierarchy
  [INFO] [2018-02-08 17:46:59][org.springframework.beans.factory.xml.XmlBeanDefinitionReader]Loading XML bean definitions from class path resource [spring-mybatis.xml]
  [INFO] [2018-02-08 17:47:00][org.springframework.beans.factory.config.PropertyPlaceholderConfigurer]Loading properties file from class path resource [jdbc.properties]
  [INFO] [2018-02-08 17:47:00][org.springframework.context.support.ClassPathXmlApplicationContext]Refreshing org.springframework.context.support.ClassPathXmlApplicationContext@2adafbcd: startup date [Thu Feb 08 17:47:00 CST 2018]; root of context hierarchy
  [INFO] [2018-02-08 17:47:00][org.springframework.beans.factory.xml.XmlBeanDefinitionReader]Loading XML bean definitions from class path resource [spring-mybatis.xml]
  [INFO] [2018-02-08 17:47:01][org.springframework.beans.factory.config.PropertyPlaceholderConfigurer]Loading properties file from class path resource [jdbc.properties]
  [INFO] [2018-02-08 17:58:18][org.springframework.context.support.ClassPathXmlApplicationContext]Refreshing org.springframework.context.support.ClassPathXmlApplicationContext@68003589: startup date [Thu Feb 08 17:58:18 CST 2018]; root of context hierarchy
  [INFO] [2018-02-08 17:58:18][org.springframework.beans.factory.xml.XmlBeanDefinitionReader]Loading XML bean definitions from class path resource [spring-mybatis.xml]
  [INFO] [2018-02-08 17:58:19][org.springframework.beans.factory.config.PropertyPlaceholderConfigurer]Loading properties file from class path resource [jdbc.properties]
  [INFO] [2018-02-08 17:58:20][org.springframework.context.support.ClassPathXmlApplicationContext]Refreshing org.springframework.context.support.ClassPathXmlApplicationContext@ec965b6: startup date [Thu Feb 08 17:58:20 CST 2018]; root of context hierarchy
  [INFO] [2018-02-08 17:58:20][org.springframework.beans.factory.xml.XmlBeanDefinitionReader]Loading XML bean definitions from class path resource [spring-mybatis.xml]
  [INFO] [2018-02-08 17:58:20][org.springframework.beans.factory.config.PropertyPlaceholderConfigurer]Loading properties file from class path resource [jdbc.properties]
  [INFO] [2018-02-08 18:03:26][org.springframework.context.support.ClassPathXmlApplicationContext]Refreshing org.springframework.context.support.ClassPathXmlApplicationContext@68003589: startup date [Thu Feb 08 18:03:26 CST 2018]; root of context hierarchy
  [INFO] [2018-02-08 18:03:26][org.springframework.beans.factory.xml.XmlBeanDefinitionReader]Loading XML bean definitions from class path resource [spring-mybatis.xml]
  [INFO] [2018-02-08 18:03:27][org.springframework.beans.factory.config.PropertyPlaceholderConfigurer]Loading properties file from class path resource [jdbc.properties]
  [INFO] [2018-02-08 18:03:27][org.springframework.context.support.ClassPathXmlApplicationContext]Refreshing org.springframework.context.support.ClassPathXmlApplicationContext@13b3f83: startup date [Thu Feb 08 18:03:27 CST 2018]; root of context hierarchy
  [INFO] [2018-02-08 18:03:27][org.springframework.beans.factory.xml.XmlBeanDefinitionReader]Loading XML bean definitions from class path resource [spring-mybatis.xml]
  [INFO] [2018-02-08 18:03:27][org.springframework.beans.factory.config.PropertyPlaceholderConfigurer]Loading properties file from class path resource [jdbc.properties]
  [INFO] [2018-02-08 18:04:17][org.springframework.context.support.ClassPathXmlApplicationContext]Refreshing org.springframework.context.support.ClassPathXmlApplicationContext@55b1407a: startup date [Thu Feb 08 18:04:17 CST 2018]; root of context hierarchy
  [INFO] [2018-02-08 18:04:17][org.springframework.beans.factory.xml.XmlBeanDefinitionReader]Loading XML bean definitions from class path resource [spring-mybatis.xml]
  [INFO] [2018-02-08 18:04:18][org.springframework.beans.factory.config.PropertyPlaceholderConfigurer]Loading properties file from class path resource [jdbc.properties]
  [INFO] [2018-02-08 18:04:18][org.springframework.context.support.ClassPathXmlApplicationContext]Refreshing org.springframework.context.support.ClassPathXmlApplicationContext@44ae20f5: startup date [Thu Feb 08 18:04:18 CST 2018]; root of context hierarchy
  [INFO] [2018-02-08 18:04:18][org.springframework.beans.factory.xml.XmlBeanDefinitionReader]Loading XML bean definitions from class path resource [spring-mybatis.xml]
  [INFO] [2018-02-08 18:04:18][org.springframework.beans.factory.config.PropertyPlaceholderConfigurer]Loading properties file from class path resource [jdbc.properties]
  [INFO] [2018-02-08 18:05:59][org.springframework.context.support.ClassPathXmlApplicationContext]Refreshing org.springframework.context.support.ClassPathXmlApplicationContext@55b1407a: startup date [Thu Feb 08 18:05:59 CST 2018]; root of context hierarchy
  [INFO] [2018-02-08 18:05:59][org.springframework.beans.factory.xml.XmlBeanDefinitionReader]Loading XML bean definitions from class path resource [spring-mybatis.xml]
  [INFO] [2018-02-08 18:06:00][org.springframework.beans.factory.config.PropertyPlaceholderConfigurer]Loading properties file from class path resource [jdbc.properties]
  [INFO] [2018-02-08 18:06:00][org.springframework.context.support.ClassPathXmlApplicationContext]Refreshing org.springframework.context.support.ClassPathXmlApplicationContext@34be77d8: startup date [Thu Feb 08 18:06:00 CST 2018]; root of context hierarchy
  [INFO] [2018-02-08 18:06:00][org.springframework.beans.factory.xml.XmlBeanDefinitionReader]Loading XML bean definitions from class path resource [spring-mybatis.xml]
  [INFO] [2018-02-08 18:06:00][org.springframework.beans.factory.config.PropertyPlaceholderConfigurer]Loading properties file from class path resource [jdbc.properties]
  [INFO] [2018-02-08 18:11:40][org.springframework.context.support.ClassPathXmlApplicationContext]Refreshing org.springframework.context.support.ClassPathXmlApplicationContext@65baeab6: startup date [Thu Feb 08 18:11:40 CST 2018]; root of context hierarchy
  [INFO] [2018-02-08 18:11:40][org.springframework.beans.factory.xml.XmlBeanDefinitionReader]Loading XML bean definitions from class path resource [spring-mybatis.xml]
  [INFO] [2018-02-08 18:11:41][org.springframework.beans.factory.config.PropertyPlaceholderConfigurer]Loading properties file from class path resource [jdbc.properties]
  [INFO] [2018-02-08 18:11:42][org.springframework.context.support.ClassPathXmlApplicationContext]Refreshing org.springframework.context.support.ClassPathXmlApplicationContext@4834974f: startup date [Thu Feb 08 18:11:42 CST 2018]; root of context hierarchy
  [INFO] [2018-02-08 18:11:42][org.springframework.beans.factory.xml.XmlBeanDefinitionReader]Loading XML bean definitions from class path resource [spring-mybatis.xml]
  [INFO] [2018-02-08 18:11:42][org.springframework.beans.factory.config.PropertyPlaceholderConfigurer]Loading properties file from class path resource [jdbc.properties]
  [INFO] [2018-02-08 18:12:10][org.springframework.context.support.ClassPathXmlApplicationContext]Refreshing org.springframework.context.support.ClassPathXmlApplicationContext@55b1407a: startup date [Thu Feb 08 18:12:10 CST 2018]; root of context hierarchy
  [INFO] [2018-02-08 18:12:10][org.springframework.beans.factory.xml.XmlBeanDefinitionReader]Loading XML bean definitions from class path resource [spring-mybatis.xml]
  [INFO] [2018-02-08 18:12:10][org.springframework.beans.factory.config.PropertyPlaceholderConfigurer]Loading properties file from class path resource [jdbc.properties]
  [INFO] [2018-02-08 18:12:11][org.springframework.context.support.ClassPathXmlApplicationContext]Refreshing org.springframework.context.support.ClassPathXmlApplicationContext@ec965b6: startup date [Thu Feb 08 18:12:11 CST 2018]; root of context hierarchy
  [INFO] [2018-02-08 18:12:11][org.springframework.beans.factory.xml.XmlBeanDefinitionReader]Loading XML bean definitions from class path resource [spring-mybatis.xml]
  [INFO] [2018-02-08 18:12:11][org.springframework.beans.factory.config.PropertyPlaceholderConfigurer]Loading properties file from class path resource [jdbc.properties]
  [INFO] [2018-02-08 18:12:25][org.springframework.context.support.ClassPathXmlApplicationContext]Refreshing org.springframework.context.support.ClassPathXmlApplicationContext@55b1407a: startup date [Thu Feb 08 18:12:25 CST 2018]; root of context hierarchy
  [INFO] [2018-02-08 18:12:25][org.springframework.beans.factory.xml.XmlBeanDefinitionReader]Loading XML bean definitions from class path resource [spring-mybatis.xml]
  [INFO] [2018-02-08 18:12:26][org.springframework.beans.factory.config.PropertyPlaceholderConfigurer]Loading properties file from class path resource [jdbc.properties]
  [INFO] [2018-02-08 18:12:26][org.springframework.context.support.ClassPathXmlApplicationContext]Refreshing org.springframework.context.support.ClassPathXmlApplicationContext@5afe175f: startup date [Thu Feb 08 18:12:26 CST 2018]; root of context hierarchy
  [INFO] [2018-02-08 18:12:26][org.springframework.beans.factory.xml.XmlBeanDefinitionReader]Loading XML bean definitions from class path resource [spring-mybatis.xml]
  [INFO] [2018-02-08 18:12:26][org.springframework.beans.factory.config.PropertyPlaceholderConfigurer]Loading properties file from class path resource [jdbc.properties]
  [INFO] [2018-02-08 18:13:37][org.springframework.context.support.ClassPathXmlApplicationContext]Refreshing org.springframework.context.support.ClassPathXmlApplicationContext@55b1407a: startup date [Thu Feb 08 18:13:37 CST 2018]; root of context hierarchy
  [INFO] [2018-02-08 18:13:37][org.springframework.beans.factory.xml.XmlBeanDefinitionReader]Loading XML bean definitions from class path resource [spring-mybatis.xml]
  [INFO] [2018-02-08 18:13:38][org.springframework.beans.factory.config.PropertyPlaceholderConfigurer]Loading properties file from class path resource [jdbc.properties]
  [INFO] [2018-02-08 18:13:38][org.springframework.context.support.ClassPathXmlApplicationContext]Refreshing org.springframework.context.support.ClassPathXmlApplicationContext@c11b00d: startup date [Thu Feb 08 18:13:38 CST 2018]; root of context hierarchy
  [INFO] [2018-02-08 18:13:38][org.springframework.beans.factory.xml.XmlBeanDefinitionReader]Loading XML bean definitions from class path resource [spring-mybatis.xml]
  [INFO] [2018-02-08 18:13:38][org.springframework.beans.factory.config.PropertyPlaceholderConfigurer]Loading properties file from class path resource [jdbc.properties]
  [INFO] [2018-02-08 18:14:22][org.springframework.context.support.ClassPathXmlApplicationContext]Refreshing org.springframework.context.support.ClassPathXmlApplicationContext@68003589: startup date [Thu Feb 08 18:14:22 CST 2018]; root of context hierarchy
  [INFO] [2018-02-08 18:14:22][org.springframework.beans.factory.xml.XmlBeanDefinitionReader]Loading XML bean definitions from class path resource [spring-mybatis.xml]
  [INFO] [2018-02-08 18:14:22][org.springframework.beans.factory.config.PropertyPlaceholderConfigurer]Loading properties file from class path resource [jdbc.properties]
  [INFO] [2018-02-08 18:14:23][org.springframework.context.support.ClassPathXmlApplicationContext]Refreshing org.springframework.context.support.ClassPathXmlApplicationContext@5fb08ca4: startup date [Thu Feb 08 18:14:23 CST 2018]; root of context hierarchy
  [INFO] [2018-02-08 18:14:23][org.springframework.beans.factory.xml.XmlBeanDefinitionReader]Loading XML bean definitions from class path resource [spring-mybatis.xml]
  [INFO] [2018-02-08 18:14:23][org.springframework.beans.factory.config.PropertyPlaceholderConfigurer]Loading properties file from class path resource [jdbc.properties]
  [INFO] [2018-02-08 18:16:09][org.springframework.context.support.ClassPathXmlApplicationContext]Refreshing org.springframework.context.support.ClassPathXmlApplicationContext@41bc1a83: startup date [Thu Feb 08 18:16:09 CST 2018]; root of context hierarchy
  [INFO] [2018-02-08 18:16:09][org.springframework.beans.factory.xml.XmlBeanDefinitionReader]Loading XML bean definitions from class path resource [spring-mybatis.xml]
  [INFO] [2018-02-08 18:16:09][org.springframework.beans.factory.config.PropertyPlaceholderConfigurer]Loading properties file from class path resource [jdbc.properties]
  [INFO] [2018-02-08 18:16:10][org.springframework.context.support.ClassPathXmlApplicationContext]Refreshing org.springframework.context.support.ClassPathXmlApplicationContext@55a68938: startup date [Thu Feb 08 18:16:10 CST 2018]; root of context hierarchy
  [INFO] [2018-02-08 18:16:10][org.springframework.beans.factory.xml.XmlBeanDefinitionReader]Loading XML bean definitions from class path resource [spring-mybatis.xml]
  [INFO] [2018-02-08 18:16:10][org.springframework.beans.factory.config.PropertyPlaceholderConfigurer]Loading properties file from class path resource [jdbc.properties]
  [INFO] [2018-02-08 18:17:18][org.springframework.context.support.ClassPathXmlApplicationContext]Refreshing org.springframework.context.support.ClassPathXmlApplicationContext@5f92e49f: startup date [Thu Feb 08 18:17:18 CST 2018]; root of context hierarchy
  [INFO] [2018-02-08 18:17:18][org.springframework.beans.factory.xml.XmlBeanDefinitionReader]Loading XML bean definitions from class path resource [spring-mybatis.xml]
  [INFO] [2018-02-08 18:17:18][org.springframework.beans.factory.config.PropertyPlaceholderConfigurer]Loading properties file from class path resource [jdbc.properties]
  [INFO] [2018-02-08 18:17:19][org.springframework.context.support.ClassPathXmlApplicationContext]Refreshing org.springframework.context.support.ClassPathXmlApplicationContext@37a1beff: startup date [Thu Feb 08 18:17:19 CST 2018]; root of context hierarchy
  [INFO] [2018-02-08 18:17:19][org.springframework.beans.factory.xml.XmlBeanDefinitionReader]Loading XML bean definitions from class path resource [spring-mybatis.xml]
  [INFO] [2018-02-08 18:17:19][org.springframework.beans.factory.config.PropertyPlaceholderConfigurer]Loading properties file from class path resource [jdbc.properties]
  [INFO] [2018-02-08 18:17:58][org.springframework.context.support.ClassPathXmlApplicationContext]Refreshing org.springframework.context.support.ClassPathXmlApplicationContext@5a9191db: startup date [Thu Feb 08 18:17:58 CST 2018]; root of context hierarchy
  [INFO] [2018-02-08 18:17:58][org.springframework.beans.factory.xml.XmlBeanDefinitionReader]Loading XML bean definitions from class path resource [spring-mybatis.xml]
  [INFO] [2018-02-08 18:17:58][org.springframework.beans.factory.config.PropertyPlaceholderConfigurer]Loading properties file from class path resource [jdbc.properties]
  [INFO] [2018-02-08 18:17:59][org.springframework.context.support.ClassPathXmlApplicationContext]Refreshing org.springframework.context.support.ClassPathXmlApplicationContext@10e2262b: startup date [Thu Feb 08 18:17:59 CST 2018]; root of context hierarchy
  [INFO] [2018-02-08 18:17:59][org.springframework.beans.factory.xml.XmlBeanDefinitionReader]Loading XML bean definitions from class path resource [spring-mybatis.xml]
  [INFO] [2018-02-08 18:17:59][org.springframework.beans.factory.config.PropertyPlaceholderConfigurer]Loading properties file from class path resource [jdbc.properties]
  [INFO] [2018-02-08 18:20:01][org.springframework.context.support.ClassPathXmlApplicationContext]Refreshing org.springframework.context.support.ClassPathXmlApplicationContext@5a9191db: startup date [Thu Feb 08 18:20:01 CST 2018]; root of context hierarchy
  [INFO] [2018-02-08 18:20:01][org.springframework.beans.factory.xml.XmlBeanDefinitionReader]Loading XML bean definitions from class path resource [spring-mybatis.xml]
  [INFO] [2018-02-08 18:20:01][org.springframework.beans.factory.config.PropertyPlaceholderConfigurer]Loading properties file from class path resource [jdbc.properties]
  [WARN] [2018-02-08 18:20:01][org.springframework.beans.factory.annotation.AutowiredAnnotationBeanPostProcessor]Autowired annotation should be used on methods with actual parameters: public void com.gnt.service.UserServiceImpl.setBaseMapper()
  [INFO] [2018-02-08 18:20:02][org.springframework.context.support.ClassPathXmlApplicationContext]Refreshing org.springframework.context.support.ClassPathXmlApplicationContext@1c385516: startup date [Thu Feb 08 18:20:02 CST 2018]; root of context hierarchy
  [INFO] [2018-02-08 18:20:02][org.springframework.beans.factory.xml.XmlBeanDefinitionReader]Loading XML bean definitions from class path resource [spring-mybatis.xml]
  [INFO] [2018-02-08 18:20:02][org.springframework.beans.factory.config.PropertyPlaceholderConfigurer]Loading properties file from class path resource [jdbc.properties]
  [WARN] [2018-02-08 18:20:02][org.springframework.beans.factory.annotation.AutowiredAnnotationBeanPostProcessor]Autowired annotation should be used on methods with actual parameters: public void com.gnt.service.UserServiceImpl.setBaseMapper()
  [INFO] [2018-02-08 18:20:09][org.springframework.context.support.ClassPathXmlApplicationContext]Refreshing org.springframework.context.support.ClassPathXmlApplicationContext@29b477f6: startup date [Thu Feb 08 18:20:09 CST 2018]; root of context hierarchy
  [INFO] [2018-02-08 18:20:09][org.springframework.beans.factory.xml.XmlBeanDefinitionReader]Loading XML bean definitions from class path resource [spring-mybatis.xml]
  [INFO] [2018-02-08 18:20:10][org.springframework.beans.factory.config.PropertyPlaceholderConfigurer]Loading properties file from class path resource [jdbc.properties]
  [WARN] [2018-02-08 18:20:10][org.springframework.beans.factory.annotation.AutowiredAnnotationBeanPostProcessor]Autowired annotation should be used on methods with actual parameters: public void com.gnt.service.UserServiceImpl.setBaseMapper()
  [INFO] [2018-02-08 18:22:18][org.springframework.context.support.ClassPathXmlApplicationContext]Refreshing org.springframework.context.support.ClassPathXmlApplicationContext@afeef51: startup date [Thu Feb 08 18:22:18 CST 2018]; root of context hierarchy
  [INFO] [2018-02-08 18:22:18][org.springframework.beans.factory.xml.XmlBeanDefinitionReader]Loading XML bean definitions from class path resource [spring-mybatis.xml]
  [INFO] [2018-02-08 18:22:18][org.springframework.beans.factory.config.PropertyPlaceholderConfigurer]Loading properties file from class path resource [jdbc.properties]
  [WARN] [2018-02-08 18:22:18][org.springframework.beans.factory.annotation.AutowiredAnnotationBeanPostProcessor]Autowired annotation should be used on methods with actual parameters: public void com.gnt.service.UserServiceImpl.setBaseMapper()
  [INFO] [2018-02-08 18:22:19][org.springframework.context.support.ClassPathXmlApplicationContext]Refreshing org.springframework.context.support.ClassPathXmlApplicationContext@57005f31: startup date [Thu Feb 08 18:22:19 CST 2018]; root of context hierarchy
  [INFO] [2018-02-08 18:22:19][org.springframework.beans.factory.xml.XmlBeanDefinitionReader]Loading XML bean definitions from class path resource [spring-mybatis.xml]
  [INFO] [2018-02-08 18:22:19][org.springframework.beans.factory.config.PropertyPlaceholderConfigurer]Loading properties file from class path resource [jdbc.properties]
  [WARN] [2018-02-08 18:22:19][org.springframework.beans.factory.annotation.AutowiredAnnotationBeanPostProcessor]Autowired annotation should be used on methods with actual parameters: public void com.gnt.service.UserServiceImpl.setBaseMapper()
  [INFO] [2018-02-08 18:23:05][org.springframework.context.support.ClassPathXmlApplicationContext]Refreshing org.springframework.context.support.ClassPathXmlApplicationContext@5a9191db: startup date [Thu Feb 08 18:23:05 CST 2018]; root of context hierarchy
  [INFO] [2018-02-08 18:23:05][org.springframework.beans.factory.xml.XmlBeanDefinitionReader]Loading XML bean definitions from class path resource [spring-mybatis.xml]
  [INFO] [2018-02-08 18:23:05][org.springframework.beans.factory.config.PropertyPlaceholderConfigurer]Loading properties file from class path resource [jdbc.properties]
  [WARN] [2018-02-08 18:23:05][org.springframework.beans.factory.annotation.AutowiredAnnotationBeanPostProcessor]Autowired annotation should be used on methods with actual parameters: public void com.gnt.service.UserServiceImpl.setBaseMapper()
  [INFO] [2018-02-08 18:23:06][org.springframework.context.support.ClassPathXmlApplicationContext]Refreshing org.springframework.context.support.ClassPathXmlApplicationContext@17d53bc5: startup date [Thu Feb 08 18:23:06 CST 2018]; root of context hierarchy
  [INFO] [2018-02-08 18:23:06][org.springframework.beans.factory.xml.XmlBeanDefinitionReader]Loading XML bean definitions from class path resource [spring-mybatis.xml]
  [INFO] [2018-02-08 18:23:06][org.springframework.beans.factory.config.PropertyPlaceholderConfigurer]Loading properties file from class path resource [jdbc.properties]
  [WARN] [2018-02-08 18:23:06][org.springframework.beans.factory.annotation.AutowiredAnnotationBeanPostProcessor]Autowired annotation should be used on methods with actual parameters: public void com.gnt.service.UserServiceImpl.setBaseMapper()
  [INFO] [2018-02-08 18:25:00][org.springframework.context.support.ClassPathXmlApplicationContext]Refreshing org.springframework.context.support.ClassPathXmlApplicationContext@5a9191db: startup date [Thu Feb 08 18:25:00 CST 2018]; root of context hierarchy
  [INFO] [2018-02-08 18:25:00][org.springframework.beans.factory.xml.XmlBeanDefinitionReader]Loading XML bean definitions from class path resource [spring-mybatis.xml]
  [INFO] [2018-02-08 18:25:01][org.springframework.beans.factory.config.PropertyPlaceholderConfigurer]Loading properties file from class path resource [jdbc.properties]
  [WARN] [2018-02-08 18:25:01][org.springframework.beans.factory.annotation.AutowiredAnnotationBeanPostProcessor]Autowired annotation should be used on methods with actual parameters: public void com.gnt.service.UserServiceImpl.setBaseMapper()
  [INFO] [2018-02-08 18:25:02][org.springframework.context.support.ClassPathXmlApplicationContext]Refreshing org.springframework.context.support.ClassPathXmlApplicationContext@1d16eaf2: startup date [Thu Feb 08 18:25:02 CST 2018]; root of context hierarchy
  [INFO] [2018-02-08 18:25:02][org.springframework.beans.factory.xml.XmlBeanDefinitionReader]Loading XML bean definitions from class path resource [spring-mybatis.xml]
  [INFO] [2018-02-08 18:25:02][org.springframework.beans.factory.config.PropertyPlaceholderConfigurer]Loading properties file from class path resource [jdbc.properties]
  [WARN] [2018-02-08 18:25:02][org.springframework.beans.factory.annotation.AutowiredAnnotationBeanPostProcessor]Autowired annotation should be used on methods with actual parameters: public void com.gnt.service.UserServiceImpl.setBaseMapper()
  [INFO] [2018-02-09 11:44:40][org.springframework.context.support.ClassPathXmlApplicationContext]Refreshing org.springframework.context.support.ClassPathXmlApplicationContext@545b2144: startup date [Fri Feb 09 11:44:40 CST 2018]; root of context hierarchy
  [INFO] [2018-02-09 11:44:40][org.springframework.beans.factory.xml.XmlBeanDefinitionReader]Loading XML bean definitions from class path resource [spring-mybatis.xml]
  [INFO] [2018-02-09 11:44:41][org.springframework.beans.factory.config.PropertyPlaceholderConfigurer]Loading properties file from class path resource [jdbc.properties]
  [WARN] [2018-02-09 11:44:42][org.springframework.beans.factory.annotation.AutowiredAnnotationBeanPostProcessor]Autowired annotation should be used on methods with actual parameters: public void com.gnt.service.UserServiceImpl.setBaseMapper()
  [INFO] [2018-02-09 11:44:43][org.springframework.context.support.ClassPathXmlApplicationContext]Refreshing org.springframework.context.support.ClassPathXmlApplicationContext@14dda791: startup date [Fri Feb 09 11:44:43 CST 2018]; root of context hierarchy
  [INFO] [2018-02-09 11:44:43][org.springframework.beans.factory.xml.XmlBeanDefinitionReader]Loading XML bean definitions from class path resource [spring-mybatis.xml]
  [INFO] [2018-02-09 11:44:44][org.springframework.beans.factory.config.PropertyPlaceholderConfigurer]Loading properties file from class path resource [jdbc.properties]
  [WARN] [2018-02-09 11:44:44][org.springframework.beans.factory.annotation.AutowiredAnnotationBeanPostProcessor]Autowired annotation should be used on methods with actual parameters: public void com.gnt.service.UserServiceImpl.setBaseMapper()
  [INFO] [2018-02-09 11:45:59][org.springframework.context.support.ClassPathXmlApplicationContext]Refreshing org.springframework.context.support.ClassPathXmlApplicationContext@16194279: startup date [Fri Feb 09 11:45:59 CST 2018]; root of context hierarchy
  [INFO] [2018-02-09 11:45:59][org.springframework.beans.factory.xml.XmlBeanDefinitionReader]Loading XML bean definitions from class path resource [spring-mybatis.xml]
  [INFO] [2018-02-09 11:45:59][org.springframework.beans.factory.config.PropertyPlaceholderConfigurer]Loading properties file from class path resource [jdbc.properties]
  [INFO] [2018-02-09 11:46:00][org.springframework.context.support.ClassPathXmlApplicationContext]Refreshing org.springframework.context.support.ClassPathXmlApplicationContext@a7139bb: startup date [Fri Feb 09 11:46:00 CST 2018]; root of context hierarchy
  [INFO] [2018-02-09 11:46:00][org.springframework.beans.factory.xml.XmlBeanDefinitionReader]Loading XML bean definitions from class path resource [spring-mybatis.xml]
  [INFO] [2018-02-09 11:46:00][org.springframework.beans.factory.config.PropertyPlaceholderConfigurer]Loading properties file from class path resource [jdbc.properties]
  [INFO] [2018-02-09 11:46:38][org.springframework.context.support.ClassPathXmlApplicationContext]Refreshing org.springframework.context.support.ClassPathXmlApplicationContext@16194279: startup date [Fri Feb 09 11:46:38 CST 2018]; root of context hierarchy
  [INFO] [2018-02-09 11:46:38][org.springframework.beans.factory.xml.XmlBeanDefinitionReader]Loading XML bean definitions from class path resource [spring-mybatis.xml]
  [INFO] [2018-02-09 11:46:39][org.springframework.beans.factory.config.PropertyPlaceholderConfigurer]Loading properties file from class path resource [jdbc.properties]
  [INFO] [2018-02-09 11:46:40][org.springframework.context.support.ClassPathXmlApplicationContext]Refreshing org.springframework.context.support.ClassPathXmlApplicationContext@1b22cfb0: startup date [Fri Feb 09 11:46:40 CST 2018]; root of context hierarchy
  [INFO] [2018-02-09 11:46:40][org.springframework.beans.factory.xml.XmlBeanDefinitionReader]Loading XML bean definitions from class path resource [spring-mybatis.xml]
  [INFO] [2018-02-09 11:46:40][org.springframework.beans.factory.config.PropertyPlaceholderConfigurer]Loading properties file from class path resource [jdbc.properties]
  [INFO] [2018-02-09 11:46:55][org.springframework.context.support.ClassPathXmlApplicationContext]Refreshing org.springframework.context.support.ClassPathXmlApplicationContext@16194279: startup date [Fri Feb 09 11:46:55 CST 2018]; root of context hierarchy
  [INFO] [2018-02-09 11:46:55][org.springframework.beans.factory.xml.XmlBeanDefinitionReader]Loading XML bean definitions from class path resource [spring-mybatis.xml]
  [INFO] [2018-02-09 11:46:55][org.springframework.beans.factory.config.PropertyPlaceholderConfigurer]Loading properties file from class path resource [jdbc.properties]
  [INFO] [2018-02-09 11:46:56][org.springframework.context.support.ClassPathXmlApplicationContext]Refreshing org.springframework.context.support.ClassPathXmlApplicationContext@10e2262b: startup date [Fri Feb 09 11:46:56 CST 2018]; root of context hierarchy
  [INFO] [2018-02-09 11:46:56][org.springframework.beans.factory.xml.XmlBeanDefinitionReader]Loading XML bean definitions from class path resource [spring-mybatis.xml]
  [INFO] [2018-02-09 11:46:56][org.springframework.beans.factory.config.PropertyPlaceholderConfigurer]Loading properties file from class path resource [jdbc.properties]
  [INFO] [2018-02-09 11:47:14][org.springframework.context.support.ClassPathXmlApplicationContext]Refreshing org.springframework.context.support.ClassPathXmlApplicationContext@3b5fea73: startup date [Fri Feb 09 11:47:14 CST 2018]; root of context hierarchy
  [INFO] [2018-02-09 11:47:14][org.springframework.beans.factory.xml.XmlBeanDefinitionReader]Loading XML bean definitions from class path resource [spring-mybatis.xml]
  [INFO] [2018-02-09 11:47:15][org.springframework.beans.factory.config.PropertyPlaceholderConfigurer]Loading properties file from class path resource [jdbc.properties]
  [INFO] [2018-02-09 11:47:15][org.springframework.context.support.ClassPathXmlApplicationContext]Refreshing org.springframework.context.support.ClassPathXmlApplicationContext@61e2cf66: startup date [Fri Feb 09 11:47:15 CST 2018]; root of context hierarchy
  [INFO] [2018-02-09 11:47:15][org.springframework.beans.factory.xml.XmlBeanDefinitionReader]Loading XML bean definitions from class path resource [spring-mybatis.xml]
  [INFO] [2018-02-09 11:47:15][org.springframework.beans.factory.config.PropertyPlaceholderConfigurer]Loading properties file from class path resource [jdbc.properties]
  [INFO] [2018-02-09 11:47:23][org.springframework.context.support.ClassPathXmlApplicationContext]Refreshing org.springframework.context.support.ClassPathXmlApplicationContext@1d779845: startup date [Fri Feb 09 11:47:23 CST 2018]; root of context hierarchy
  [INFO] [2018-02-09 11:47:23][org.springframework.beans.factory.xml.XmlBeanDefinitionReader]Loading XML bean definitions from class path resource [spring-mybatis.xml]
  [INFO] [2018-02-09 11:47:24][org.springframework.beans.factory.config.PropertyPlaceholderConfigurer]Loading properties file from class path resource [jdbc.properties]
  [INFO] [2018-02-09 11:47:53][org.springframework.context.support.ClassPathXmlApplicationContext]Refreshing org.springframework.context.support.ClassPathXmlApplicationContext@16194279: startup date [Fri Feb 09 11:47:53 CST 2018]; root of context hierarchy
  [INFO] [2018-02-09 11:47:53][org.springframework.beans.factory.xml.XmlBeanDefinitionReader]Loading XML bean definitions from class path resource [spring-mybatis.xml]
  [INFO] [2018-02-09 11:47:54][org.springframework.beans.factory.config.PropertyPlaceholderConfigurer]Loading properties file from class path resource [jdbc.properties]
  [INFO] [2018-02-09 11:47:54][org.springframework.context.support.ClassPathXmlApplicationContext]Refreshing org.springframework.context.support.ClassPathXmlApplicationContext@26c05dc5: startup date [Fri Feb 09 11:47:54 CST 2018]; root of context hierarchy
  [INFO] [2018-02-09 11:47:54][org.springframework.beans.factory.xml.XmlBeanDefinitionReader]Loading XML bean definitions from class path resource [spring-mybatis.xml]
  [INFO] [2018-02-09 11:47:54][org.springframework.beans.factory.config.PropertyPlaceholderConfigurer]Loading properties file from class path resource [jdbc.properties]
  [INFO] [2018-02-09 11:48:12][org.springframework.context.support.ClassPathXmlApplicationContext]Refreshing org.springframework.context.support.ClassPathXmlApplicationContext@545b2144: startup date [Fri Feb 09 11:48:12 CST 2018]; root of context hierarchy
  [INFO] [2018-02-09 11:48:12][org.springframework.beans.factory.xml.XmlBeanDefinitionReader]Loading XML bean definitions from class path resource [spring-mybatis.xml]
  [INFO] [2018-02-09 11:48:12][org.springframework.beans.factory.config.PropertyPlaceholderConfigurer]Loading properties file from class path resource [jdbc.properties]
  [INFO] [2018-02-09 11:48:13][org.springframework.context.support.ClassPathXmlApplicationContext]Refreshing org.springframework.context.support.ClassPathXmlApplicationContext@481dcfa2: startup date [Fri Feb 09 11:48:13 CST 2018]; root of context hierarchy
  [INFO] [2018-02-09 11:48:13][org.springframework.beans.factory.xml.XmlBeanDefinitionReader]Loading XML bean definitions from class path resource [spring-mybatis.xml]
  [INFO] [2018-02-09 11:48:13][org.springframework.beans.factory.config.PropertyPlaceholderConfigurer]Loading properties file from class path resource [jdbc.properties]
  [INFO] [2018-02-09 11:48:18][org.springframework.context.support.ClassPathXmlApplicationContext]Refreshing org.springframework.context.support.ClassPathXmlApplicationContext@24456977: startup date [Fri Feb 09 11:48:18 CST 2018]; root of context hierarchy
  [INFO] [2018-02-09 11:48:18][org.springframework.beans.factory.xml.XmlBeanDefinitionReader]Loading XML bean definitions from class path resource [spring-mybatis.xml]
  [INFO] [2018-02-09 11:48:19][org.springframework.beans.factory.config.PropertyPlaceholderConfigurer]Loading properties file from class path resource [jdbc.properties]
  [INFO] [2018-02-09 11:48:40][org.springframework.context.support.ClassPathXmlApplicationContext]Refreshing org.springframework.context.support.ClassPathXmlApplicationContext@545b2144: startup date [Fri Feb 09 11:48:40 CST 2018]; root of context hierarchy
  [INFO] [2018-02-09 11:48:40][org.springframework.beans.factory.xml.XmlBeanDefinitionReader]Loading XML bean definitions from class path resource [spring-mybatis.xml]
  [INFO] [2018-02-09 11:48:41][org.springframework.beans.factory.config.PropertyPlaceholderConfigurer]Loading properties file from class path resource [jdbc.properties]
  [INFO] [2018-02-09 11:48:42][org.springframework.context.support.ClassPathXmlApplicationContext]Refreshing org.springframework.context.support.ClassPathXmlApplicationContext@4fb135e1: startup date [Fri Feb 09 11:48:42 CST 2018]; root of context hierarchy
  [INFO] [2018-02-09 11:48:42][org.springframework.beans.factory.xml.XmlBeanDefinitionReader]Loading XML bean definitions from class path resource [spring-mybatis.xml]
  [INFO] [2018-02-09 11:48:42][org.springframework.beans.factory.config.PropertyPlaceholderConfigurer]Loading properties file from class path resource [jdbc.properties]
  [INFO] [2018-02-09 17:59:35][org.springframework.context.support.ClassPathXmlApplicationContext]Refreshing org.springframework.context.support.ClassPathXmlApplicationContext@6762687: startup date [Fri Feb 09 17:59:35 CST 2018]; root of context hierarchy
  [INFO] [2018-02-09 17:59:36][org.springframework.beans.factory.xml.XmlBeanDefinitionReader]Loading XML bean definitions from class path resource [spring-mybatis.xml]
  [INFO] [2018-02-09 17:59:36][org.springframework.beans.factory.config.PropertyPlaceholderConfigurer]Loading properties file from class path resource [jdbc.properties]
  [INFO] [2018-02-09 17:59:37][org.springframework.context.support.ClassPathXmlApplicationContext]Refreshing org.springframework.context.support.ClassPathXmlApplicationContext@729d1e27: startup date [Fri Feb 09 17:59:37 CST 2018]; root of context hierarchy
  [INFO] [2018-02-09 17:59:37][org.springframework.beans.factory.xml.XmlBeanDefinitionReader]Loading XML bean definitions from class path resource [spring-mybatis.xml]
  [INFO] [2018-02-09 17:59:37][org.springframework.beans.factory.config.PropertyPlaceholderConfigurer]Loading properties file from class path resource [jdbc.properties]
  [INFO] [2018-02-09 18:08:29][org.springframework.context.support.ClassPathXmlApplicationContext]Refreshing org.springframework.context.support.ClassPathXmlApplicationContext@5a6c4a07: startup date [Fri Feb 09 18:08:29 CST 2018]; root of context hierarchy
  [INFO] [2018-02-09 18:08:29][org.springframework.beans.factory.xml.XmlBeanDefinitionReader]Loading XML bean definitions from class path resource [spring-mybatis.xml]
  [INFO] [2018-02-09 18:08:30][org.springframework.beans.factory.config.PropertyPlaceholderConfigurer]Loading properties file from class path resource [jdbc.properties]
  [INFO] [2018-02-09 18:08:31][org.springframework.context.support.ClassPathXmlApplicationContext]Refreshing org.springframework.context.support.ClassPathXmlApplicationContext@37c901e4: startup date [Fri Feb 09 18:08:31 CST 2018]; root of context hierarchy
  [INFO] [2018-02-09 18:08:31][org.springframework.beans.factory.xml.XmlBeanDefinitionReader]Loading XML bean definitions from class path resource [spring-mybatis.xml]
  [INFO] [2018-02-09 18:08:31][org.springframework.beans.factory.config.PropertyPlaceholderConfigurer]Loading properties file from class path resource [jdbc.properties]
  [INFO] [2018-02-09 18:18:09][org.springframework.context.support.ClassPathXmlApplicationContext]Refreshing org.springframework.context.support.ClassPathXmlApplicationContext@b6c3ef9: startup date [Fri Feb 09 18:18:09 CST 2018]; root of context hierarchy
  [INFO] [2018-02-09 18:18:09][org.springframework.beans.factory.xml.XmlBeanDefinitionReader]Loading XML bean definitions from class path resource [spring-mybatis.xml]
  [INFO] [2018-02-09 18:18:10][org.springframework.beans.factory.config.PropertyPlaceholderConfigurer]Loading properties file from class path resource [jdbc.properties]
  [INFO] [2018-02-09 18:18:11][org.springframework.context.support.ClassPathXmlApplicationContext]Refreshing org.springframework.context.support.ClassPathXmlApplicationContext@1f557f9d: startup date [Fri Feb 09 18:18:11 CST 2018]; root of context hierarchy
  [INFO] [2018-02-09 18:18:11][org.springframework.beans.factory.xml.XmlBeanDefinitionReader]Loading XML bean definitions from class path resource [spring-mybatis.xml]
  [INFO] [2018-02-09 18:18:11][org.springframework.beans.factory.config.PropertyPlaceholderConfigurer]Loading properties file from class path resource [jdbc.properties]
  [INFO] [2018-02-11 14:37:29][org.springframework.context.support.ClassPathXmlApplicationContext]Refreshing org.springframework.context.support.ClassPathXmlApplicationContext@72fccde: startup date [Sun Feb 11 14:37:29 CST 2018]; root of context hierarchy
  [INFO] [2018-02-11 14:37:29][org.springframework.beans.factory.xml.XmlBeanDefinitionReader]Loading XML bean definitions from class path resource [spring-mybatis.xml]
  [INFO] [2018-02-11 14:37:30][org.springframework.beans.factory.config.PropertyPlaceholderConfigurer]Loading properties file from class path resource [jdbc.properties]
  [INFO] [2018-02-11 14:38:56][org.springframework.context.support.ClassPathXmlApplicationContext]Refreshing org.springframework.context.support.ClassPathXmlApplicationContext@29b477f6: startup date [Sun Feb 11 14:38:56 CST 2018]; root of context hierarchy
  [INFO] [2018-02-11 14:38:56][org.springframework.beans.factory.xml.XmlBeanDefinitionReader]Loading XML bean definitions from class path resource [spring-mybatis.xml]
  [INFO] [2018-02-11 14:38:57][org.springframework.beans.factory.config.PropertyPlaceholderConfigurer]Loading properties file from class path resource [jdbc.properties]
  [INFO] [2018-02-23 11:45:42][org.springframework.context.support.ClassPathXmlApplicationContext]Refreshing org.springframework.context.support.ClassPathXmlApplicationContext@656e1fa: startup date [Fri Feb 23 11:45:42 CST 2018]; root of context hierarchy
  [INFO] [2018-02-23 11:45:42][org.springframework.beans.factory.xml.XmlBeanDefinitionReader]Loading XML bean definitions from class path resource [spring-mybatis.xml]
  [INFO] [2018-02-23 11:45:43][org.springframework.beans.factory.config.PropertyPlaceholderConfigurer]Loading properties file from class path resource [jdbc.properties]
  [INFO] [2018-02-23 11:46:16][org.springframework.context.support.ClassPathXmlApplicationContext]Refreshing org.springframework.context.support.ClassPathXmlApplicationContext@656e1fa: startup date [Fri Feb 23 11:46:16 CST 2018]; root of context hierarchy
  [INFO] [2018-02-23 11:46:16][org.springframework.beans.factory.xml.XmlBeanDefinitionReader]Loading XML bean definitions from class path resource [spring-mybatis.xml]
  [INFO] [2018-02-23 11:46:17][org.springframework.beans.factory.config.PropertyPlaceholderConfigurer]Loading properties file from class path resource [jdbc.properties]
  [INFO] [2018-02-23 11:46:58][org.springframework.context.support.ClassPathXmlApplicationContext]Refreshing org.springframework.context.support.ClassPathXmlApplicationContext@656e1fa: startup date [Fri Feb 23 11:46:58 CST 2018]; root of context hierarchy
  [INFO] [2018-02-23 11:46:59][org.springframework.beans.factory.xml.XmlBeanDefinitionReader]Loading XML bean definitions from class path resource [spring-mybatis.xml]
  [INFO] [2018-02-23 11:46:59][org.springframework.beans.factory.config.PropertyPlaceholderConfigurer]Loading properties file from class path resource [jdbc.properties]
  [INFO] [2018-02-23 11:50:07][org.springframework.context.support.ClassPathXmlApplicationContext]Refreshing org.springframework.context.support.ClassPathXmlApplicationContext@656e1fa: startup date [Fri Feb 23 11:50:07 CST 2018]; root of context hierarchy
  [INFO] [2018-02-23 11:50:07][org.springframework.beans.factory.xml.XmlBeanDefinitionReader]Loading XML bean definitions from class path resource [spring-mybatis.xml]
  [INFO] [2018-02-23 11:50:08][org.springframework.beans.factory.config.PropertyPlaceholderConfigurer]Loading properties file from class path resource [jdbc.properties]
  [INFO] [2018-02-23 13:48:38][org.springframework.context.support.ClassPathXmlApplicationContext]Refreshing org.springframework.context.support.ClassPathXmlApplicationContext@73ceaf4c: startup date [Fri Feb 23 13:48:38 CST 2018]; root of context hierarchy
  [INFO] [2018-02-23 13:48:38][org.springframework.beans.factory.xml.XmlBeanDefinitionReader]Loading XML bean definitions from class path resource [spring-mybatis.xml]
  [INFO] [2018-02-23 13:48:39][org.springframework.beans.factory.config.PropertyPlaceholderConfigurer]Loading properties file from class path resource [jdbc.properties]
  [INFO] [2018-02-23 15:10:49][org.springframework.context.support.ClassPathXmlApplicationContext]Refreshing org.springframework.context.support.ClassPathXmlApplicationContext@41db0505: startup date [Fri Feb 23 15:10:49 CST 2018]; root of context hierarchy
  [INFO] [2018-02-23 15:10:49][org.springframework.beans.factory.xml.XmlBeanDefinitionReader]Loading XML bean definitions from class path resource [spring-mybatis.xml]
  [INFO] [2018-02-23 15:10:50][org.springframework.beans.factory.config.PropertyPlaceholderConfigurer]Loading properties file from class path resource [jdbc.properties]
  [INFO] [2018-02-23 15:12:31][org.springframework.context.support.ClassPathXmlApplicationContext]Refreshing org.springframework.context.support.ClassPathXmlApplicationContext@41db0505: startup date [Fri Feb 23 15:12:31 CST 2018]; root of context hierarchy
  [INFO] [2018-02-23 15:12:31][org.springframework.beans.factory.xml.XmlBeanDefinitionReader]Loading XML bean definitions from class path resource [spring-mybatis.xml]
  [INFO] [2018-02-23 15:12:32][org.springframework.beans.factory.config.PropertyPlaceholderConfigurer]Loading properties file from class path resource [jdbc.properties]
  [INFO] [2018-02-23 15:12:55][org.springframework.context.support.ClassPathXmlApplicationContext]Refreshing org.springframework.context.support.ClassPathXmlApplicationContext@1226ad0a: startup date [Fri Feb 23 15:12:55 CST 2018]; root of context hierarchy
  [INFO] [2018-02-23 15:12:55][org.springframework.beans.factory.xml.XmlBeanDefinitionReader]Loading XML bean definitions from class path resource [spring-mybatis.xml]
  [INFO] [2018-02-23 15:12:55][org.springframework.beans.factory.config.PropertyPlaceholderConfigurer]Loading properties file from class path resource [jdbc.properties]
  [INFO] [2018-02-23 15:14:03][org.springframework.context.support.ClassPathXmlApplicationContext]Refreshing org.springframework.context.support.ClassPathXmlApplicationContext@292a74d5: startup date [Fri Feb 23 15:14:03 CST 2018]; root of context hierarchy
  [INFO] [2018-02-23 15:14:03][org.springframework.beans.factory.xml.XmlBeanDefinitionReader]Loading XML bean definitions from class path resource [spring-mybatis.xml]
  [INFO] [2018-02-23 15:14:04][org.springframework.beans.factory.config.PropertyPlaceholderConfigurer]Loading properties file from class path resource [jdbc.properties]
  [INFO] [2018-02-23 15:14:50][org.springframework.context.support.ClassPathXmlApplicationContext]Refreshing org.springframework.context.support.ClassPathXmlApplicationContext@2998cbaa: startup date [Fri Feb 23 15:14:50 CST 2018]; root of context hierarchy
  [INFO] [2018-02-23 15:14:50][org.springframework.beans.factory.xml.XmlBeanDefinitionReader]Loading XML bean definitions from class path resource [spring-mybatis.xml]
  [INFO] [2018-02-23 15:14:51][org.springframework.beans.factory.config.PropertyPlaceholderConfigurer]Loading properties file from class path resource [jdbc.properties]
  